<?xml version="1.0" encoding="UTF-8"?>
<!-- Generated by org.testng.reporters.JUnitReportReporter -->
<testsuite skipped="0" hostname="DESKTOP-14LIAQ3" name="runner.TestRunner" tests="1" failures="0" timestamp="11 вер. 2017 13:25:40 GMT" time="25.045" errors="0">
  <testcase name="feature" time="25.045" classname="runner.TestRunner"/>
</testsuite> <!-- runner.TestRunner -->
